Warning: [tblastn] lcl|Query_1 CryptonV-10_CFl: Warning: Could not calculate ungapped Karlin-Altschul parameters due to an invalid query sequence or its translation. Please verify the query sequence(s) and/or filtering options 
Warning: [tblastn] lcl|Query_2 CryptonV-11_CFl: Warning: Could not calculate ungapped Karlin-Altschul parameters due to an invalid query sequence or its translation. Please verify the query sequence(s) and/or filtering options 
Warning: [tblastn] lcl|Query_3 CryptonV-12_CFl: Warning: Could not calculate ungapped Karlin-Altschul parameters due to an invalid query sequence or its translation. Please verify the query sequence(s) and/or filtering options 
Warning: [tblastn] lcl|Query_4 CryptonV-1_CFl: Warning: Could not calculate ungapped Karlin-Altschul parameters due to an invalid query sequence or its translation. Please verify the query sequence(s) and/or filtering options 
Warning: [tblastn] lcl|Query_5 CryptonV-1_CGi: Warning: Could not calculate ungapped Karlin-Altschul parameters due to an invalid query sequence or its translation. Please verify the query sequence(s) and/or filtering options 
Warning: [tblastn] lcl|Query_6 CryptonV-1_DR: Warning: Could not calculate ungapped Karlin-Altschul parameters due to an invalid query sequence or its translation. Please verify the query sequence(s) and/or filtering options 
Warning: [tblastn] lcl|Query_7 CryptonV-1_HSal: Warning: Could not calculate ungapped Karlin-Altschul parameters due to an invalid query sequence or its translation. Please verify the query sequence(s) and/or filtering options 
Warning: [tblastn] lcl|Query_8 CryptonV-1_NV: Warning: Could not calculate ungapped Karlin-Altschul parameters due to an invalid query sequence or its translation. Please verify the query sequence(s) and/or filtering options 
Warning: [tblastn] lcl|Query_9 CryptonV-2_CFl: Warning: Could not calculate ungapped Karlin-Altschul parameters due to an invalid query sequence or its translation. Please verify the query sequence(s) and/or filtering options 
Warning: [tblastn] lcl|Query_10 CryptonV-2_DR: Warning: Could not calculate ungapped Karlin-Altschul parameters due to an invalid query sequence or its translation. Please verify the query sequence(s) and/or filtering options 
Warning: [tblastn] lcl|Query_11 CryptonV-2_HSal: Warning: Could not calculate ungapped Karlin-Altschul parameters due to an invalid query sequence or its translation. Please verify the query sequence(s) and/or filtering options 
Warning: [tblastn] lcl|Query_12 CryptonV-2_OL: Warning: Could not calculate ungapped Karlin-Altschul parameters due to an invalid query sequence or its translation. Please verify the query sequence(s) and/or filtering options 
Warning: [tblastn] lcl|Query_13 CryptonV-3_CFl: Warning: Could not calculate ungapped Karlin-Altschul parameters due to an invalid query sequence or its translation. Please verify the query sequence(s) and/or filtering options 
Warning: [tblastn] lcl|Query_14 CryptonV-3_DR: Warning: Could not calculate ungapped Karlin-Altschul parameters due to an invalid query sequence or its translation. Please verify the query sequence(s) and/or filtering options 
Warning: [tblastn] lcl|Query_15 CryptonV-3_HSal: Warning: Could not calculate ungapped Karlin-Altschul parameters due to an invalid query sequence or its translation. Please verify the query sequence(s) and/or filtering options 
Warning: [tblastn] lcl|Query_16 CryptonV-3_OL: Warning: Could not calculate ungapped Karlin-Altschul parameters due to an invalid query sequence or its translation. Please verify the query sequence(s) and/or filtering options 
Warning: [tblastn] lcl|Query_17 CryptonV-4_CFl: Warning: Could not calculate ungapped Karlin-Altschul parameters due to an invalid query sequence or its translation. Please verify the query sequence(s) and/or filtering options 
Warning: [tblastn] lcl|Query_18 CryptonV-4_HSal: Warning: Could not calculate ungapped Karlin-Altschul parameters due to an invalid query sequence or its translation. Please verify the query sequence(s) and/or filtering options 
Warning: [tblastn] lcl|Query_19 CryptonV-4_OL: Warning: Could not calculate ungapped Karlin-Altschul parameters due to an invalid query sequence or its translation. Please verify the query sequence(s) and/or filtering options 
Warning: [tblastn] lcl|Query_20 CryptonV-5_CFl: Warning: Could not calculate ungapped Karlin-Altschul parameters due to an invalid query sequence or its translation. Please verify the query sequence(s) and/or filtering options 
Warning: [tblastn] lcl|Query_21 CryptonV-5_OL: Warning: Could not calculate ungapped Karlin-Altschul parameters due to an invalid query sequence or its translation. Please verify the query sequence(s) and/or filtering options 
Warning: [tblastn] lcl|Query_22 CryptonV-6_CFl: Warning: Could not calculate ungapped Karlin-Altschul parameters due to an invalid query sequence or its translation. Please verify the query sequence(s) and/or filtering options 
Warning: [tblastn] lcl|Query_24 CryptonV-7_CFl: Warning: Could not calculate ungapped Karlin-Altschul parameters due to an invalid query sequence or its translation. Please verify the query sequence(s) and/or filtering options 
Warning: [tblastn] lcl|Query_25 CryptonV-7_OL: Warning: Could not calculate ungapped Karlin-Altschul parameters due to an invalid query sequence or its translation. Please verify the query sequence(s) and/or filtering options 
Warning: [tblastn] lcl|Query_26 CryptonV-8_CFl: Warning: Could not calculate ungapped Karlin-Altschul parameters due to an invalid query sequence or its translation. Please verify the query sequence(s) and/or filtering options 
Warning: [tblastn] lcl|Query_27 CryptonV-9_CFl: Warning: Could not calculate ungapped Karlin-Altschul parameters due to an invalid query sequence or its translation. Please verify the query sequence(s) and/or filtering options 
Warning: [tblastn] lcl|Query_28 CryptonV-N1_EL: Warning: Could not calculate ungapped Karlin-Altschul parameters due to an invalid query sequence or its translation. Please verify the query sequence(s) and/or filtering options 
Warning: [tblastn] lcl|Query_29 CryptonV-N2_DR: Warning: Could not calculate ungapped Karlin-Altschul parameters due to an invalid query sequence or its translation. Please verify the query sequence(s) and/or filtering options 
Warning: [tblastn] lcl|Query_30 CryptonV-N3_DR: Warning: Could not calculate ungapped Karlin-Altschul parameters due to an invalid query sequence or its translation. Please verify the query sequence(s) and/or filtering options 
Warning: [tblastn] lcl|Query_31 CryptonV-N3_EL: Warning: Could not calculate ungapped Karlin-Altschul parameters due to an invalid query sequence or its translation. Please verify the query sequence(s) and/or filtering options 
Warning: [tblastn] lcl|Query_32 CryptonV-N4_DR: Warning: Could not calculate ungapped Karlin-Altschul parameters due to an invalid query sequence or its translation. Please verify the query sequence(s) and/or filtering options 
Warning: [tblastn] lcl|Query_34 CryptonV-N6_DR: Warning: Could not calculate ungapped Karlin-Altschul parameters due to an invalid query sequence or its translation. Please verify the query sequence(s) and/or filtering options 
Warning: [tblastn] lcl|Query_35 CryptonV-N7_DR: Warning: Could not calculate ungapped Karlin-Altschul parameters due to an invalid query sequence or its translation. Please verify the query sequence(s) and/or filtering options 
Warning: [tblastn] lcl|Query_36 LRS-2_DR: Warning: Could not calculate ungapped Karlin-Altschul parameters due to an invalid query sequence or its translation. Please verify the query sequence(s) and/or filtering options 
Warning: [tblastn] lcl|Query_37 LRS_DR: Warning: Could not calculate ungapped Karlin-Altschul parameters due to an invalid query sequence or its translation. Please verify the query sequence(s) and/or filtering options 
